13-Oct-2022 11:52:00.850 INFO [main] org.apache.catalina.startup.VersionLoggerListener.log Server version name:   Apache Tomcat/9.0.68
13-Oct-2022 11:52:00.852 INFO [main] org.apache.catalina.startup.VersionLoggerListener.log Server built:          Oct 3 2022 19:06:10 UTC
13-Oct-2022 11:52:00.853 INFO [main] org.apache.catalina.startup.VersionLoggerListener.log Server version number: 9.0.68.0
13-Oct-2022 11:52:00.853 INFO [main] org.apache.catalina.startup.VersionLoggerListener.log OS Name:               Linux
13-Oct-2022 11:52:00.853 INFO [main] org.apache.catalina.startup.VersionLoggerListener.log OS Version:            5.15.0-50-generic
13-Oct-2022 11:52:00.853 INFO [main] org.apache.catalina.startup.VersionLoggerListener.log Architecture:          amd64
13-Oct-2022 11:52:00.853 INFO [main] org.apache.catalina.startup.VersionLoggerListener.log Java Home:             /usr/lib/jvm/java-11-openjdk-amd64
13-Oct-2022 11:52:00.853 INFO [main] org.apache.catalina.startup.VersionLoggerListener.log JVM Version:           11.0.16+8-post-Ubuntu-0ubuntu122.04
13-Oct-2022 11:52:00.853 INFO [main] org.apache.catalina.startup.VersionLoggerListener.log JVM Vendor:            Ubuntu
13-Oct-2022 11:52:00.853 INFO [main] org.apache.catalina.startup.VersionLoggerListener.log CATALINA_BASE:         /home/joao/Desktop/3┬║ Ano/IES/IES_103415/lab2/apache-tomcat-9.0.68
13-Oct-2022 11:52:00.853 INFO [main] org.apache.catalina.startup.VersionLoggerListener.log CATALINA_HOME:         /home/joao/Desktop/3┬║ Ano/IES/IES_103415/lab2/apache-tomcat-9.0.68
13-Oct-2022 11:52:00.862 INFO [main] org.apache.catalina.startup.VersionLoggerListener.log Command line argument: --add-opens=java.base/java.lang=ALL-UNNAMED
13-Oct-2022 11:52:00.862 INFO [main] org.apache.catalina.startup.VersionLoggerListener.log Command line argument: --add-opens=java.base/java.io=ALL-UNNAMED
13-Oct-2022 11:52:00.862 INFO [main] org.apache.catalina.startup.VersionLoggerListener.log Command line argument: --add-opens=java.base/java.util=ALL-UNNAMED
13-Oct-2022 11:52:00.862 INFO [main] org.apache.catalina.startup.VersionLoggerListener.log Command line argument: --add-opens=java.base/java.util.concurrent=ALL-UNNAMED
13-Oct-2022 11:52:00.863 INFO [main] org.apache.catalina.startup.VersionLoggerListener.log Command line argument: --add-opens=java.rmi/sun.rmi.transport=ALL-UNNAMED
13-Oct-2022 11:52:00.863 INFO [main] org.apache.catalina.startup.VersionLoggerListener.log Command line argument: -Djava.util.logging.config.file=/home/joao/Desktop/3┬║ Ano/IES/IES_103415/lab2/apache-tomcat-9.0.68/conf/logging.properties
13-Oct-2022 11:52:00.863 INFO [main] org.apache.catalina.startup.VersionLoggerListener.log Command line argument: -Djava.util.logging.manager=org.apache.juli.ClassLoaderLogManager
13-Oct-2022 11:52:00.863 INFO [main] org.apache.catalina.startup.VersionLoggerListener.log Command line argument: -Djdk.tls.ephemeralDHKeySize=2048
13-Oct-2022 11:52:00.863 INFO [main] org.apache.catalina.startup.VersionLoggerListener.log Command line argument: -Djava.protocol.handler.pkgs=org.apache.catalina.webresources
13-Oct-2022 11:52:00.863 INFO [main] org.apache.catalina.startup.VersionLoggerListener.log Command line argument: -Dorg.apache.catalina.security.SecurityListener.UMASK=0027
13-Oct-2022 11:52:00.863 INFO [main] org.apache.catalina.startup.VersionLoggerListener.log Command line argument: -Dignore.endorsed.dirs=
13-Oct-2022 11:52:00.863 INFO [main] org.apache.catalina.startup.VersionLoggerListener.log Command line argument: -Dcatalina.base=/home/joao/Desktop/3┬║ Ano/IES/IES_103415/lab2/apache-tomcat-9.0.68
13-Oct-2022 11:52:00.863 INFO [main] org.apache.catalina.startup.VersionLoggerListener.log Command line argument: -Dcatalina.home=/home/joao/Desktop/3┬║ Ano/IES/IES_103415/lab2/apache-tomcat-9.0.68
13-Oct-2022 11:52:00.863 INFO [main] org.apache.catalina.startup.VersionLoggerListener.log Command line argument: -Djava.io.tmpdir=/home/joao/Desktop/3┬║ Ano/IES/IES_103415/lab2/apache-tomcat-9.0.68/temp
13-Oct-2022 11:52:00.865 INFO [main] org.apache.catalina.core.AprLifecycleListener.lifecycleEvent The Apache Tomcat Native library which allows using OpenSSL was not found on the java.library.path: [/usr/java/packages/lib:/usr/lib/x86_64-linux-gnu/jni:/lib/x86_64-linux-gnu:/usr/lib/x86_64-linux-gnu:/usr/lib/jni:/lib:/usr/lib]
13-Oct-2022 11:52:01.124 INFO [main] org.apache.coyote.AbstractProtocol.init Initializing ProtocolHandler ["http-nio-8080"]
13-Oct-2022 11:52:01.143 INFO [main] org.apache.catalina.startup.Catalina.load Server initialization in [460] milliseconds
13-Oct-2022 11:52:01.188 INFO [main] org.apache.catalina.core.StandardService.startInternal Starting service [Catalina]
13-Oct-2022 11:52:01.188 INFO [main] org.apache.catalina.core.StandardEngine.startInternal Starting Servlet engine: [Apache Tomcat/9.0.68]
13-Oct-2022 11:52:01.195 INFO [main] org.apache.catalina.startup.HostConfig.deployDirectory Deploying web application directory [/home/joao/Desktop/3┬║ Ano/IES/IES_103415/lab2/apache-tomcat-9.0.68/webapps/manager]
13-Oct-2022 11:52:01.450 INFO [main] org.apache.catalina.startup.HostConfig.deployDirectory Deployment of web application directory [/home/joao/Desktop/3┬║ Ano/IES/IES_103415/lab2/apache-tomcat-9.0.68/webapps/manager] has finished in [255] ms
13-Oct-2022 11:52:01.451 INFO [main] org.apache.catalina.startup.HostConfig.deployDirectory Deploying web application directory [/home/joao/Desktop/3┬║ Ano/IES/IES_103415/lab2/apache-tomcat-9.0.68/webapps/host-manager]
13-Oct-2022 11:52:01.470 INFO [main] org.apache.catalina.startup.HostConfig.deployDirectory Deployment of web application directory [/home/joao/Desktop/3┬║ Ano/IES/IES_103415/lab2/apache-tomcat-9.0.68/webapps/host-manager] has finished in [19] ms
13-Oct-2022 11:52:01.470 INFO [main] org.apache.catalina.startup.HostConfig.deployDirectory Deploying web application directory [/home/joao/Desktop/3┬║ Ano/IES/IES_103415/lab2/apache-tomcat-9.0.68/webapps/examples]
13-Oct-2022 11:52:01.686 INFO [main] org.apache.catalina.startup.HostConfig.deployDirectory Deployment of web application directory [/home/joao/Desktop/3┬║ Ano/IES/IES_103415/lab2/apache-tomcat-9.0.68/webapps/examples] has finished in [216] ms
13-Oct-2022 11:52:01.686 INFO [main] org.apache.catalina.startup.HostConfig.deployDirectory Deploying web application directory [/home/joao/Desktop/3┬║ Ano/IES/IES_103415/lab2/apache-tomcat-9.0.68/webapps/docs]
13-Oct-2022 11:52:01.702 INFO [main] org.apache.catalina.startup.HostConfig.deployDirectory Deployment of web application directory [/home/joao/Desktop/3┬║ Ano/IES/IES_103415/lab2/apache-tomcat-9.0.68/webapps/docs] has finished in [16] ms
13-Oct-2022 11:52:01.703 INFO [main] org.apache.catalina.startup.HostConfig.deployDirectory Deploying web application directory [/home/joao/Desktop/3┬║ Ano/IES/IES_103415/lab2/apache-tomcat-9.0.68/webapps/ROOT]
13-Oct-2022 11:52:01.718 INFO [main] org.apache.catalina.startup.HostConfig.deployDirectory Deployment of web application directory [/home/joao/Desktop/3┬║ Ano/IES/IES_103415/lab2/apache-tomcat-9.0.68/webapps/ROOT] has finished in [15] ms
13-Oct-2022 11:52:01.721 INFO [main] org.apache.coyote.AbstractProtocol.start Starting ProtocolHandler ["http-nio-8080"]
13-Oct-2022 11:52:01.731 INFO [main] org.apache.catalina.startup.Catalina.start Server startup in [588] milliseconds
13-Oct-2022 11:53:51.763 INFO [Catalina-utility-1] org.apache.catalina.users.MemoryUserDatabase.backgroundProcess Reloading memory user database [UserDatabase] from updated source [file:/home/joao/Desktop/3┬║%20Ano/IES/IES_103415/lab2/apache-tomcat-9.0.68/conf/tomcat-users.xml]
13-Oct-2022 11:54:20.114 INFO [main] org.apache.catalina.core.StandardServer.await A valid shutdown command was received via the shutdown port. Stopping the Server instance.
13-Oct-2022 11:54:20.115 INFO [main] org.apache.coyote.AbstractProtocol.pause Pausing ProtocolHandler ["http-nio-8080"]
13-Oct-2022 11:54:20.120 INFO [main] org.apache.catalina.core.StandardService.stopInternal Stopping service [Catalina]
13-Oct-2022 11:54:20.165 INFO [main] org.apache.coyote.AbstractProtocol.stop Stopping ProtocolHandler ["http-nio-8080"]
13-Oct-2022 11:54:20.177 INFO [main] org.apache.coyote.AbstractProtocol.destroy Destroying ProtocolHandler ["http-nio-8080"]
13-Oct-2022 11:54:25.052 INFO [main] org.apache.catalina.startup.VersionLoggerListener.log Server version name:   Apache Tomcat/9.0.68
13-Oct-2022 11:54:25.064 INFO [main] org.apache.catalina.startup.VersionLoggerListener.log Server built:          Oct 3 2022 19:06:10 UTC
13-Oct-2022 11:54:25.064 INFO [main] org.apache.catalina.startup.VersionLoggerListener.log Server version number: 9.0.68.0
13-Oct-2022 11:54:25.065 INFO [main] org.apache.catalina.startup.VersionLoggerListener.log OS Name:               Linux
13-Oct-2022 11:54:25.065 INFO [main] org.apache.catalina.startup.VersionLoggerListener.log OS Version:            5.15.0-50-generic
13-Oct-2022 11:54:25.065 INFO [main] org.apache.catalina.startup.VersionLoggerListener.log Architecture:          amd64
13-Oct-2022 11:54:25.065 INFO [main] org.apache.catalina.startup.VersionLoggerListener.log Java Home:             /usr/lib/jvm/java-11-openjdk-amd64
13-Oct-2022 11:54:25.065 INFO [main] org.apache.catalina.startup.VersionLoggerListener.log JVM Version:           11.0.16+8-post-Ubuntu-0ubuntu122.04
13-Oct-2022 11:54:25.065 INFO [main] org.apache.catalina.startup.VersionLoggerListener.log JVM Vendor:            Ubuntu
13-Oct-2022 11:54:25.066 INFO [main] org.apache.catalina.startup.VersionLoggerListener.log CATALINA_BASE:         /home/joao/Desktop/3┬║ Ano/IES/IES_103415/lab2/apache-tomcat-9.0.68
13-Oct-2022 11:54:25.066 INFO [main] org.apache.catalina.startup.VersionLoggerListener.log CATALINA_HOME:         /home/joao/Desktop/3┬║ Ano/IES/IES_103415/lab2/apache-tomcat-9.0.68
13-Oct-2022 11:54:25.093 INFO [main] org.apache.catalina.startup.VersionLoggerListener.log Command line argument: --add-opens=java.base/java.lang=ALL-UNNAMED
13-Oct-2022 11:54:25.093 INFO [main] org.apache.catalina.startup.VersionLoggerListener.log Command line argument: --add-opens=java.base/java.io=ALL-UNNAMED
13-Oct-2022 11:54:25.093 INFO [main] org.apache.catalina.startup.VersionLoggerListener.log Command line argument: --add-opens=java.base/java.util=ALL-UNNAMED
13-Oct-2022 11:54:25.093 INFO [main] org.apache.catalina.startup.VersionLoggerListener.log Command line argument: --add-opens=java.base/java.util.concurrent=ALL-UNNAMED
13-Oct-2022 11:54:25.094 INFO [main] org.apache.catalina.startup.VersionLoggerListener.log Command line argument: --add-opens=java.rmi/sun.rmi.transport=ALL-UNNAMED
13-Oct-2022 11:54:25.094 INFO [main] org.apache.catalina.startup.VersionLoggerListener.log Command line argument: -Djava.util.logging.config.file=/home/joao/Desktop/3┬║ Ano/IES/IES_103415/lab2/apache-tomcat-9.0.68/conf/logging.properties
13-Oct-2022 11:54:25.094 INFO [main] org.apache.catalina.startup.VersionLoggerListener.log Command line argument: -Djava.util.logging.manager=org.apache.juli.ClassLoaderLogManager
13-Oct-2022 11:54:25.094 INFO [main] org.apache.catalina.startup.VersionLoggerListener.log Command line argument: -Djdk.tls.ephemeralDHKeySize=2048
13-Oct-2022 11:54:25.094 INFO [main] org.apache.catalina.startup.VersionLoggerListener.log Command line argument: -Djava.protocol.handler.pkgs=org.apache.catalina.webresources
13-Oct-2022 11:54:25.094 INFO [main] org.apache.catalina.startup.VersionLoggerListener.log Command line argument: -Dorg.apache.catalina.security.SecurityListener.UMASK=0027
13-Oct-2022 11:54:25.095 INFO [main] org.apache.catalina.startup.VersionLoggerListener.log Command line argument: -Dignore.endorsed.dirs=
13-Oct-2022 11:54:25.095 INFO [main] org.apache.catalina.startup.VersionLoggerListener.log Command line argument: -Dcatalina.base=/home/joao/Desktop/3┬║ Ano/IES/IES_103415/lab2/apache-tomcat-9.0.68
13-Oct-2022 11:54:25.095 INFO [main] org.apache.catalina.startup.VersionLoggerListener.log Command line argument: -Dcatalina.home=/home/joao/Desktop/3┬║ Ano/IES/IES_103415/lab2/apache-tomcat-9.0.68
13-Oct-2022 11:54:25.095 INFO [main] org.apache.catalina.startup.VersionLoggerListener.log Command line argument: -Djava.io.tmpdir=/home/joao/Desktop/3┬║ Ano/IES/IES_103415/lab2/apache-tomcat-9.0.68/temp
13-Oct-2022 11:54:25.097 INFO [main] org.apache.catalina.core.AprLifecycleListener.lifecycleEvent The Apache Tomcat Native library which allows using OpenSSL was not found on the java.library.path: [/usr/java/packages/lib:/usr/lib/x86_64-linux-gnu/jni:/lib/x86_64-linux-gnu:/usr/lib/x86_64-linux-gnu:/usr/lib/jni:/lib:/usr/lib]
13-Oct-2022 11:54:25.696 INFO [main] org.apache.coyote.AbstractProtocol.init Initializing ProtocolHandler ["http-nio-8080"]
13-Oct-2022 11:54:25.742 INFO [main] org.apache.catalina.startup.Catalina.load Server initialization in [1063] milliseconds
13-Oct-2022 11:54:25.835 INFO [main] org.apache.catalina.core.StandardService.startInternal Starting service [Catalina]
13-Oct-2022 11:54:25.836 INFO [main] org.apache.catalina.core.StandardEngine.startInternal Starting Servlet engine: [Apache Tomcat/9.0.68]
13-Oct-2022 11:54:25.852 INFO [main] org.apache.catalina.startup.HostConfig.deployDirectory Deploying web application directory [/home/joao/Desktop/3┬║ Ano/IES/IES_103415/lab2/apache-tomcat-9.0.68/webapps/manager]
13-Oct-2022 11:54:26.366 INFO [main] org.apache.catalina.startup.HostConfig.deployDirectory Deployment of web application directory [/home/joao/Desktop/3┬║ Ano/IES/IES_103415/lab2/apache-tomcat-9.0.68/webapps/manager] has finished in [513] ms
13-Oct-2022 11:54:26.367 INFO [main] org.apache.catalina.startup.HostConfig.deployDirectory Deploying web application directory [/home/joao/Desktop/3┬║ Ano/IES/IES_103415/lab2/apache-tomcat-9.0.68/webapps/host-manager]
13-Oct-2022 11:54:26.422 INFO [main] org.apache.catalina.startup.HostConfig.deployDirectory Deployment of web application directory [/home/joao/Desktop/3┬║ Ano/IES/IES_103415/lab2/apache-tomcat-9.0.68/webapps/host-manager] has finished in [54] ms
13-Oct-2022 11:54:26.424 INFO [main] org.apache.catalina.startup.HostConfig.deployDirectory Deploying web application directory [/home/joao/Desktop/3┬║ Ano/IES/IES_103415/lab2/apache-tomcat-9.0.68/webapps/examples]
13-Oct-2022 11:54:26.934 INFO [main] org.apache.catalina.startup.HostConfig.deployDirectory Deployment of web application directory [/home/joao/Desktop/3┬║ Ano/IES/IES_103415/lab2/apache-tomcat-9.0.68/webapps/examples] has finished in [510] ms
13-Oct-2022 11:54:26.934 INFO [main] org.apache.catalina.startup.HostConfig.deployDirectory Deploying web application directory [/home/joao/Desktop/3┬║ Ano/IES/IES_103415/lab2/apache-tomcat-9.0.68/webapps/docs]
13-Oct-2022 11:54:26.975 INFO [main] org.apache.catalina.startup.HostConfig.deployDirectory Deployment of web application directory [/home/joao/Desktop/3┬║ Ano/IES/IES_103415/lab2/apache-tomcat-9.0.68/webapps/docs] has finished in [41] ms
13-Oct-2022 11:54:26.976 INFO [main] org.apache.catalina.startup.HostConfig.deployDirectory Deploying web application directory [/home/joao/Desktop/3┬║ Ano/IES/IES_103415/lab2/apache-tomcat-9.0.68/webapps/ROOT]
13-Oct-2022 11:54:27.032 INFO [main] org.apache.catalina.startup.HostConfig.deployDirectory Deployment of web application directory [/home/joao/Desktop/3┬║ Ano/IES/IES_103415/lab2/apache-tomcat-9.0.68/webapps/ROOT] has finished in [57] ms
13-Oct-2022 11:54:27.046 INFO [main] org.apache.coyote.AbstractProtocol.start Starting ProtocolHandler ["http-nio-8080"]
13-Oct-2022 11:54:27.085 INFO [main] org.apache.catalina.startup.Catalina.start Server startup in [1342] milliseconds
13-Oct-2022 12:29:31.538 INFO [http-nio-8080-exec-5] org.apache.catalina.startup.HostConfig.deployWAR Deploying web application archive [/home/joao/Desktop/3┬║ Ano/IES/IES_103415/lab2/apache-tomcat-9.0.68/webapps/webapp-javaee7.war]
13-Oct-2022 12:29:31.586 INFO [http-nio-8080-exec-5] org.apache.catalina.startup.HostConfig.deployWAR Deployment of web application archive [/home/joao/Desktop/3┬║ Ano/IES/IES_103415/lab2/apache-tomcat-9.0.68/webapps/webapp-javaee7.war] has finished in [49] ms
13-Oct-2022 14:34:06.712 INFO [main] org.apache.catalina.startup.VersionLoggerListener.log Server version name:   Apache Tomcat/9.0.68
13-Oct-2022 14:34:06.715 INFO [main] org.apache.catalina.startup.VersionLoggerListener.log Server built:          Oct 3 2022 19:06:10 UTC
13-Oct-2022 14:34:06.715 INFO [main] org.apache.catalina.startup.VersionLoggerListener.log Server version number: 9.0.68.0
13-Oct-2022 14:34:06.715 INFO [main] org.apache.catalina.startup.VersionLoggerListener.log OS Name:               Linux
13-Oct-2022 14:34:06.715 INFO [main] org.apache.catalina.startup.VersionLoggerListener.log OS Version:            5.15.0-50-generic
13-Oct-2022 14:34:06.715 INFO [main] org.apache.catalina.startup.VersionLoggerListener.log Architecture:          amd64
13-Oct-2022 14:34:06.715 INFO [main] org.apache.catalina.startup.VersionLoggerListener.log Java Home:             /usr/lib/jvm/java-11-openjdk-amd64
13-Oct-2022 14:34:06.715 INFO [main] org.apache.catalina.startup.VersionLoggerListener.log JVM Version:           11.0.16+8-post-Ubuntu-0ubuntu122.04
13-Oct-2022 14:34:06.715 INFO [main] org.apache.catalina.startup.VersionLoggerListener.log JVM Vendor:            Ubuntu
13-Oct-2022 14:34:06.716 INFO [main] org.apache.catalina.startup.VersionLoggerListener.log CATALINA_BASE:         /home/joao/Desktop/3┬║ Ano/IES/IES_103415/lab2/apache-tomcat-9.0.68
13-Oct-2022 14:34:06.716 INFO [main] org.apache.catalina.startup.VersionLoggerListener.log CATALINA_HOME:         /home/joao/Desktop/3┬║ Ano/IES/IES_103415/lab2/apache-tomcat-9.0.68
13-Oct-2022 14:34:06.745 INFO [main] org.apache.catalina.startup.VersionLoggerListener.log Command line argument: --add-opens=java.base/java.lang=ALL-UNNAMED
13-Oct-2022 14:34:06.745 INFO [main] org.apache.catalina.startup.VersionLoggerListener.log Command line argument: --add-opens=java.base/java.io=ALL-UNNAMED
13-Oct-2022 14:34:06.745 INFO [main] org.apache.catalina.startup.VersionLoggerListener.log Command line argument: --add-opens=java.base/java.util=ALL-UNNAMED
13-Oct-2022 14:34:06.746 INFO [main] org.apache.catalina.startup.VersionLoggerListener.log Command line argument: --add-opens=java.base/java.util.concurrent=ALL-UNNAMED
13-Oct-2022 14:34:06.746 INFO [main] org.apache.catalina.startup.VersionLoggerListener.log Command line argument: --add-opens=java.rmi/sun.rmi.transport=ALL-UNNAMED
13-Oct-2022 14:34:06.746 INFO [main] org.apache.catalina.startup.VersionLoggerListener.log Command line argument: -Djava.util.logging.config.file=/home/joao/Desktop/3┬║ Ano/IES/IES_103415/lab2/apache-tomcat-9.0.68/conf/logging.properties
13-Oct-2022 14:34:06.746 INFO [main] org.apache.catalina.startup.VersionLoggerListener.log Command line argument: -Djava.util.logging.manager=org.apache.juli.ClassLoaderLogManager
13-Oct-2022 14:34:06.746 INFO [main] org.apache.catalina.startup.VersionLoggerListener.log Command line argument: -Djdk.tls.ephemeralDHKeySize=2048
13-Oct-2022 14:34:06.746 INFO [main] org.apache.catalina.startup.VersionLoggerListener.log Command line argument: -Djava.protocol.handler.pkgs=org.apache.catalina.webresources
13-Oct-2022 14:34:06.746 INFO [main] org.apache.catalina.startup.VersionLoggerListener.log Command line argument: -Dorg.apache.catalina.security.SecurityListener.UMASK=0027
13-Oct-2022 14:34:06.746 INFO [main] org.apache.catalina.startup.VersionLoggerListener.log Command line argument: -Dignore.endorsed.dirs=
13-Oct-2022 14:34:06.746 INFO [main] org.apache.catalina.startup.VersionLoggerListener.log Command line argument: -Dcatalina.base=/home/joao/Desktop/3┬║ Ano/IES/IES_103415/lab2/apache-tomcat-9.0.68
13-Oct-2022 14:34:06.746 INFO [main] org.apache.catalina.startup.VersionLoggerListener.log Command line argument: -Dcatalina.home=/home/joao/Desktop/3┬║ Ano/IES/IES_103415/lab2/apache-tomcat-9.0.68
13-Oct-2022 14:34:06.747 INFO [main] org.apache.catalina.startup.VersionLoggerListener.log Command line argument: -Djava.io.tmpdir=/home/joao/Desktop/3┬║ Ano/IES/IES_103415/lab2/apache-tomcat-9.0.68/temp
13-Oct-2022 14:34:06.778 INFO [main] org.apache.catalina.core.AprLifecycleListener.lifecycleEvent The Apache Tomcat Native library which allows using OpenSSL was not found on the java.library.path: [/usr/java/packages/lib:/usr/lib/x86_64-linux-gnu/jni:/lib/x86_64-linux-gnu:/usr/lib/x86_64-linux-gnu:/usr/lib/jni:/lib:/usr/lib]
13-Oct-2022 14:34:07.330 INFO [main] org.apache.coyote.AbstractProtocol.init Initializing ProtocolHandler ["http-nio-8080"]
13-Oct-2022 14:34:07.394 INFO [main] org.apache.catalina.startup.Catalina.load Server initialization in [1248] milliseconds
13-Oct-2022 14:34:07.474 INFO [main] org.apache.catalina.core.StandardService.startInternal Starting service [Catalina]
13-Oct-2022 14:34:07.474 INFO [main] org.apache.catalina.core.StandardEngine.startInternal Starting Servlet engine: [Apache Tomcat/9.0.68]
13-Oct-2022 14:34:07.531 INFO [main] org.apache.catalina.startup.HostConfig.deployWAR Deploying web application archive [/home/joao/Desktop/3┬║ Ano/IES/IES_103415/lab2/apache-tomcat-9.0.68/webapps/webapp-javaee7.war]
13-Oct-2022 14:34:08.082 INFO [main] org.apache.catalina.startup.HostConfig.deployWAR Deployment of web application archive [/home/joao/Desktop/3┬║ Ano/IES/IES_103415/lab2/apache-tomcat-9.0.68/webapps/webapp-javaee7.war] has finished in [551] ms
13-Oct-2022 14:34:08.083 INFO [main] org.apache.catalina.startup.HostConfig.deployDirectory Deploying web application directory [/home/joao/Desktop/3┬║ Ano/IES/IES_103415/lab2/apache-tomcat-9.0.68/webapps/manager]
13-Oct-2022 14:34:08.150 INFO [main] org.apache.catalina.startup.HostConfig.deployDirectory Deployment of web application directory [/home/joao/Desktop/3┬║ Ano/IES/IES_103415/lab2/apache-tomcat-9.0.68/webapps/manager] has finished in [67] ms
13-Oct-2022 14:34:08.150 INFO [main] org.apache.catalina.startup.HostConfig.deployDirectory Deploying web application directory [/home/joao/Desktop/3┬║ Ano/IES/IES_103415/lab2/apache-tomcat-9.0.68/webapps/host-manager]
13-Oct-2022 14:34:08.184 INFO [main] org.apache.catalina.startup.HostConfig.deployDirectory Deployment of web application directory [/home/joao/Desktop/3┬║ Ano/IES/IES_103415/lab2/apache-tomcat-9.0.68/webapps/host-manager] has finished in [34] ms
13-Oct-2022 14:34:08.185 INFO [main] org.apache.catalina.startup.HostConfig.deployDirectory Deploying web application directory [/home/joao/Desktop/3┬║ Ano/IES/IES_103415/lab2/apache-tomcat-9.0.68/webapps/examples]
13-Oct-2022 14:34:08.500 INFO [main] org.apache.catalina.startup.HostConfig.deployDirectory Deployment of web application directory [/home/joao/Desktop/3┬║ Ano/IES/IES_103415/lab2/apache-tomcat-9.0.68/webapps/examples] has finished in [316] ms
13-Oct-2022 14:34:08.500 INFO [main] org.apache.catalina.startup.HostConfig.deployDirectory Deploying web application directory [/home/joao/Desktop/3┬║ Ano/IES/IES_103415/lab2/apache-tomcat-9.0.68/webapps/docs]
13-Oct-2022 14:34:08.544 INFO [main] org.apache.catalina.startup.HostConfig.deployDirectory Deployment of web application directory [/home/joao/Desktop/3┬║ Ano/IES/IES_103415/lab2/apache-tomcat-9.0.68/webapps/docs] has finished in [44] ms
13-Oct-2022 14:34:08.545 INFO [main] org.apache.catalina.startup.HostConfig.deployDirectory Deploying web application directory [/home/joao/Desktop/3┬║ Ano/IES/IES_103415/lab2/apache-tomcat-9.0.68/webapps/ROOT]
13-Oct-2022 14:34:08.572 INFO [main] org.apache.catalina.startup.HostConfig.deployDirectory Deployment of web application directory [/home/joao/Desktop/3┬║ Ano/IES/IES_103415/lab2/apache-tomcat-9.0.68/webapps/ROOT] has finished in [27] ms
13-Oct-2022 14:34:08.576 INFO [main] org.apache.coyote.AbstractProtocol.start Starting ProtocolHandler ["http-nio-8080"]
13-Oct-2022 14:34:08.587 INFO [main] org.apache.catalina.startup.Catalina.start Server startup in [1191] milliseconds
13-Oct-2022 15:40:41.540 INFO [main] org.apache.catalina.startup.VersionLoggerListener.log Server version name:   Apache Tomcat/9.0.68
13-Oct-2022 15:40:41.543 INFO [main] org.apache.catalina.startup.VersionLoggerListener.log Server built:          Oct 3 2022 19:06:10 UTC
13-Oct-2022 15:40:41.543 INFO [main] org.apache.catalina.startup.VersionLoggerListener.log Server version number: 9.0.68.0
13-Oct-2022 15:40:41.544 INFO [main] org.apache.catalina.startup.VersionLoggerListener.log OS Name:               Linux
13-Oct-2022 15:40:41.544 INFO [main] org.apache.catalina.startup.VersionLoggerListener.log OS Version:            5.15.0-50-generic
13-Oct-2022 15:40:41.544 INFO [main] org.apache.catalina.startup.VersionLoggerListener.log Architecture:          amd64
13-Oct-2022 15:40:41.544 INFO [main] org.apache.catalina.startup.VersionLoggerListener.log Java Home:             /usr/lib/jvm/java-11-openjdk-amd64
13-Oct-2022 15:40:41.544 INFO [main] org.apache.catalina.startup.VersionLoggerListener.log JVM Version:           11.0.16+8-post-Ubuntu-0ubuntu122.04
13-Oct-2022 15:40:41.545 INFO [main] org.apache.catalina.startup.VersionLoggerListener.log JVM Vendor:            Ubuntu
13-Oct-2022 15:40:41.545 INFO [main] org.apache.catalina.startup.VersionLoggerListener.log CATALINA_BASE:         /home/joao/Desktop/3┬║ Ano/IES/IES_103415/lab2/apache-tomcat-9.0.68
13-Oct-2022 15:40:41.545 INFO [main] org.apache.catalina.startup.VersionLoggerListener.log CATALINA_HOME:         /home/joao/Desktop/3┬║ Ano/IES/IES_103415/lab2/apache-tomcat-9.0.68
13-Oct-2022 15:40:41.553 INFO [main] org.apache.catalina.startup.VersionLoggerListener.log Command line argument: --add-opens=java.base/java.lang=ALL-UNNAMED
13-Oct-2022 15:40:41.553 INFO [main] org.apache.catalina.startup.VersionLoggerListener.log Command line argument: --add-opens=java.base/java.io=ALL-UNNAMED
13-Oct-2022 15:40:41.553 INFO [main] org.apache.catalina.startup.VersionLoggerListener.log Command line argument: --add-opens=java.base/java.util=ALL-UNNAMED
13-Oct-2022 15:40:41.553 INFO [main] org.apache.catalina.startup.VersionLoggerListener.log Command line argument: --add-opens=java.base/java.util.concurrent=ALL-UNNAMED
13-Oct-2022 15:40:41.553 INFO [main] org.apache.catalina.startup.VersionLoggerListener.log Command line argument: --add-opens=java.rmi/sun.rmi.transport=ALL-UNNAMED
13-Oct-2022 15:40:41.553 INFO [main] org.apache.catalina.startup.VersionLoggerListener.log Command line argument: -Djava.util.logging.config.file=/home/joao/Desktop/3┬║ Ano/IES/IES_103415/lab2/apache-tomcat-9.0.68/conf/logging.properties
13-Oct-2022 15:40:41.554 INFO [main] org.apache.catalina.startup.VersionLoggerListener.log Command line argument: -Djava.util.logging.manager=org.apache.juli.ClassLoaderLogManager
13-Oct-2022 15:40:41.554 INFO [main] org.apache.catalina.startup.VersionLoggerListener.log Command line argument: -Djdk.tls.ephemeralDHKeySize=2048
13-Oct-2022 15:40:41.554 INFO [main] org.apache.catalina.startup.VersionLoggerListener.log Command line argument: -Djava.protocol.handler.pkgs=org.apache.catalina.webresources
13-Oct-2022 15:40:41.554 INFO [main] org.apache.catalina.startup.VersionLoggerListener.log Command line argument: -Dorg.apache.catalina.security.SecurityListener.UMASK=0027
13-Oct-2022 15:40:41.554 INFO [main] org.apache.catalina.startup.VersionLoggerListener.log Command line argument: -Dignore.endorsed.dirs=
13-Oct-2022 15:40:41.554 INFO [main] org.apache.catalina.startup.VersionLoggerListener.log Command line argument: -Dcatalina.base=/home/joao/Desktop/3┬║ Ano/IES/IES_103415/lab2/apache-tomcat-9.0.68
13-Oct-2022 15:40:41.554 INFO [main] org.apache.catalina.startup.VersionLoggerListener.log Command line argument: -Dcatalina.home=/home/joao/Desktop/3┬║ Ano/IES/IES_103415/lab2/apache-tomcat-9.0.68
13-Oct-2022 15:40:41.554 INFO [main] org.apache.catalina.startup.VersionLoggerListener.log Command line argument: -Djava.io.tmpdir=/home/joao/Desktop/3┬║ Ano/IES/IES_103415/lab2/apache-tomcat-9.0.68/temp
13-Oct-2022 15:40:41.611 INFO [main] org.apache.catalina.core.AprLifecycleListener.lifecycleEvent The Apache Tomcat Native library which allows using OpenSSL was not found on the java.library.path: [/usr/java/packages/lib:/usr/lib/x86_64-linux-gnu/jni:/lib/x86_64-linux-gnu:/usr/lib/x86_64-linux-gnu:/usr/lib/jni:/lib:/usr/lib]
13-Oct-2022 15:40:42.022 INFO [main] org.apache.coyote.AbstractProtocol.init Initializing ProtocolHandler ["http-nio-8080"]
13-Oct-2022 15:40:42.044 INFO [main] org.apache.catalina.startup.Catalina.load Server initialization in [1018] milliseconds
13-Oct-2022 15:40:42.124 INFO [main] org.apache.catalina.core.StandardService.startInternal Starting service [Catalina]
13-Oct-2022 15:40:42.124 INFO [main] org.apache.catalina.core.StandardEngine.startInternal Starting Servlet engine: [Apache Tomcat/9.0.68]
13-Oct-2022 15:40:42.173 INFO [main] org.apache.catalina.startup.HostConfig.deployWAR Deploying web application archive [/home/joao/Desktop/3┬║ Ano/IES/IES_103415/lab2/apache-tomcat-9.0.68/webapps/webapp-javaee7.war]
13-Oct-2022 15:40:42.649 INFO [main] org.apache.catalina.startup.HostConfig.deployWAR Deployment of web application archive [/home/joao/Desktop/3┬║ Ano/IES/IES_103415/lab2/apache-tomcat-9.0.68/webapps/webapp-javaee7.war] has finished in [475] ms
13-Oct-2022 15:40:42.649 INFO [main] org.apache.catalina.startup.HostConfig.deployDirectory Deploying web application directory [/home/joao/Desktop/3┬║ Ano/IES/IES_103415/lab2/apache-tomcat-9.0.68/webapps/manager]
13-Oct-2022 15:40:42.703 INFO [main] org.apache.catalina.startup.HostConfig.deployDirectory Deployment of web application directory [/home/joao/Desktop/3┬║ Ano/IES/IES_103415/lab2/apache-tomcat-9.0.68/webapps/manager] has finished in [54] ms
13-Oct-2022 15:40:42.704 INFO [main] org.apache.catalina.startup.HostConfig.deployDirectory Deploying web application directory [/home/joao/Desktop/3┬║ Ano/IES/IES_103415/lab2/apache-tomcat-9.0.68/webapps/host-manager]
13-Oct-2022 15:40:42.729 INFO [main] org.apache.catalina.startup.HostConfig.deployDirectory Deployment of web application directory [/home/joao/Desktop/3┬║ Ano/IES/IES_103415/lab2/apache-tomcat-9.0.68/webapps/host-manager] has finished in [25] ms
13-Oct-2022 15:40:42.729 INFO [main] org.apache.catalina.startup.HostConfig.deployDirectory Deploying web application directory [/home/joao/Desktop/3┬║ Ano/IES/IES_103415/lab2/apache-tomcat-9.0.68/webapps/examples]
13-Oct-2022 15:40:43.124 INFO [main] org.apache.catalina.startup.HostConfig.deployDirectory Deployment of web application directory [/home/joao/Desktop/3┬║ Ano/IES/IES_103415/lab2/apache-tomcat-9.0.68/webapps/examples] has finished in [394] ms
13-Oct-2022 15:40:43.124 INFO [main] org.apache.catalina.startup.HostConfig.deployDirectory Deploying web application directory [/home/joao/Desktop/3┬║ Ano/IES/IES_103415/lab2/apache-tomcat-9.0.68/webapps/docs]
13-Oct-2022 15:40:43.145 INFO [main] org.apache.catalina.startup.HostConfig.deployDirectory Deployment of web application directory [/home/joao/Desktop/3┬║ Ano/IES/IES_103415/lab2/apache-tomcat-9.0.68/webapps/docs] has finished in [21] ms
13-Oct-2022 15:40:43.146 INFO [main] org.apache.catalina.startup.HostConfig.deployDirectory Deploying web application directory [/home/joao/Desktop/3┬║ Ano/IES/IES_103415/lab2/apache-tomcat-9.0.68/webapps/ROOT]
13-Oct-2022 15:40:43.167 INFO [main] org.apache.catalina.startup.HostConfig.deployDirectory Deployment of web application directory [/home/joao/Desktop/3┬║ Ano/IES/IES_103415/lab2/apache-tomcat-9.0.68/webapps/ROOT] has finished in [21] ms
13-Oct-2022 15:40:43.172 INFO [main] org.apache.coyote.AbstractProtocol.start Starting ProtocolHandler ["http-nio-8080"]
13-Oct-2022 15:40:43.183 INFO [main] org.apache.catalina.startup.Catalina.start Server startup in [1138] milliseconds
13-Oct-2022 15:46:48.435 INFO [main] org.apache.catalina.startup.VersionLoggerListener.log Server version name:   Apache Tomcat/9.0.68
13-Oct-2022 15:46:48.437 INFO [main] org.apache.catalina.startup.VersionLoggerListener.log Server built:          Oct 3 2022 19:06:10 UTC
13-Oct-2022 15:46:48.438 INFO [main] org.apache.catalina.startup.VersionLoggerListener.log Server version number: 9.0.68.0
13-Oct-2022 15:46:48.438 INFO [main] org.apache.catalina.startup.VersionLoggerListener.log OS Name:               Linux
13-Oct-2022 15:46:48.438 INFO [main] org.apache.catalina.startup.VersionLoggerListener.log OS Version:            5.15.0-50-generic
13-Oct-2022 15:46:48.438 INFO [main] org.apache.catalina.startup.VersionLoggerListener.log Architecture:          amd64
13-Oct-2022 15:46:48.438 INFO [main] org.apache.catalina.startup.VersionLoggerListener.log Java Home:             /usr/lib/jvm/java-11-openjdk-amd64
13-Oct-2022 15:46:48.438 INFO [main] org.apache.catalina.startup.VersionLoggerListener.log JVM Version:           11.0.16+8-post-Ubuntu-0ubuntu122.04
13-Oct-2022 15:46:48.438 INFO [main] org.apache.catalina.startup.VersionLoggerListener.log JVM Vendor:            Ubuntu
13-Oct-2022 15:46:48.438 INFO [main] org.apache.catalina.startup.VersionLoggerListener.log CATALINA_BASE:         /home/joao/Desktop/3┬║ Ano/IES/IES_103415/lab2/apache-tomcat-9.0.68
13-Oct-2022 15:46:48.438 INFO [main] org.apache.catalina.startup.VersionLoggerListener.log CATALINA_HOME:         /home/joao/Desktop/3┬║ Ano/IES/IES_103415/lab2/apache-tomcat-9.0.68
13-Oct-2022 15:46:48.448 INFO [main] org.apache.catalina.startup.VersionLoggerListener.log Command line argument: --add-opens=java.base/java.lang=ALL-UNNAMED
13-Oct-2022 15:46:48.448 INFO [main] org.apache.catalina.startup.VersionLoggerListener.log Command line argument: --add-opens=java.base/java.io=ALL-UNNAMED
13-Oct-2022 15:46:48.448 INFO [main] org.apache.catalina.startup.VersionLoggerListener.log Command line argument: --add-opens=java.base/java.util=ALL-UNNAMED
13-Oct-2022 15:46:48.449 INFO [main] org.apache.catalina.startup.VersionLoggerListener.log Command line argument: --add-opens=java.base/java.util.concurrent=ALL-UNNAMED
13-Oct-2022 15:46:48.449 INFO [main] org.apache.catalina.startup.VersionLoggerListener.log Command line argument: --add-opens=java.rmi/sun.rmi.transport=ALL-UNNAMED
13-Oct-2022 15:46:48.449 INFO [main] org.apache.catalina.startup.VersionLoggerListener.log Command line argument: -Djava.util.logging.config.file=/home/joao/Desktop/3┬║ Ano/IES/IES_103415/lab2/apache-tomcat-9.0.68/conf/logging.properties
13-Oct-2022 15:46:48.449 INFO [main] org.apache.catalina.startup.VersionLoggerListener.log Command line argument: -Djava.util.logging.manager=org.apache.juli.ClassLoaderLogManager
13-Oct-2022 15:46:48.449 INFO [main] org.apache.catalina.startup.VersionLoggerListener.log Command line argument: -Djdk.tls.ephemeralDHKeySize=2048
13-Oct-2022 15:46:48.449 INFO [main] org.apache.catalina.startup.VersionLoggerListener.log Command line argument: -Djava.protocol.handler.pkgs=org.apache.catalina.webresources
13-Oct-2022 15:46:48.449 INFO [main] org.apache.catalina.startup.VersionLoggerListener.log Command line argument: -Dorg.apache.catalina.security.SecurityListener.UMASK=0027
13-Oct-2022 15:46:48.450 INFO [main] org.apache.catalina.startup.VersionLoggerListener.log Command line argument: -Dignore.endorsed.dirs=
13-Oct-2022 15:46:48.450 INFO [main] org.apache.catalina.startup.VersionLoggerListener.log Command line argument: -Dcatalina.base=/home/joao/Desktop/3┬║ Ano/IES/IES_103415/lab2/apache-tomcat-9.0.68
13-Oct-2022 15:46:48.450 INFO [main] org.apache.catalina.startup.VersionLoggerListener.log Command line argument: -Dcatalina.home=/home/joao/Desktop/3┬║ Ano/IES/IES_103415/lab2/apache-tomcat-9.0.68
13-Oct-2022 15:46:48.450 INFO [main] org.apache.catalina.startup.VersionLoggerListener.log Command line argument: -Djava.io.tmpdir=/home/joao/Desktop/3┬║ Ano/IES/IES_103415/lab2/apache-tomcat-9.0.68/temp
13-Oct-2022 15:46:48.452 INFO [main] org.apache.catalina.core.AprLifecycleListener.lifecycleEvent The Apache Tomcat Native library which allows using OpenSSL was not found on the java.library.path: [/usr/java/packages/lib:/usr/lib/x86_64-linux-gnu/jni:/lib/x86_64-linux-gnu:/usr/lib/x86_64-linux-gnu:/usr/lib/jni:/lib:/usr/lib]
13-Oct-2022 15:46:48.770 INFO [main] org.apache.coyote.AbstractProtocol.init Initializing ProtocolHandler ["http-nio-8080"]
13-Oct-2022 15:46:48.811 SEVERE [main] org.apache.catalina.util.LifecycleBase.handleSubClassException Failed to initialize component [Connector[HTTP/1.1-8080]]
	org.apache.catalina.LifecycleException: Protocol handler initialization failed
		at org.apache.catalina.connector.Connector.initInternal(Connector.java:1051)
		at org.apache.catalina.util.LifecycleBase.init(LifecycleBase.java:136)
		at org.apache.catalina.core.StandardService.initInternal(StandardService.java:556)
		at org.apache.catalina.util.LifecycleBase.init(LifecycleBase.java:136)
		at org.apache.catalina.core.StandardServer.initInternal(StandardServer.java:1045)
		at org.apache.catalina.util.LifecycleBase.init(LifecycleBase.java:136)
		at org.apache.catalina.startup.Catalina.load(Catalina.java:724)
		at org.apache.catalina.startup.Catalina.load(Catalina.java:746)
		at java.base/jdk.internal.reflect.NativeMethodAccessorImpl.invoke0(Native Method)
		at java.base/jdk.internal.reflect.NativeMethodAccessorImpl.invoke(NativeMethodAccessorImpl.java:62)
		at java.base/jdk.internal.reflect.DelegatingMethodAccessorImpl.invoke(DelegatingMethodAccessorImpl.java:43)
		at java.base/java.lang.reflect.Method.invoke(Method.java:566)
		at org.apache.catalina.startup.Bootstrap.load(Bootstrap.java:305)
		at org.apache.catalina.startup.Bootstrap.main(Bootstrap.java:475)
	Caused by: java.net.BindException: Endereço já em uso
		at java.base/sun.nio.ch.Net.bind0(Native Method)
		at java.base/sun.nio.ch.Net.bind(Net.java:459)
		at java.base/sun.nio.ch.Net.bind(Net.java:448)
		at java.base/sun.nio.ch.ServerSocketChannelImpl.bind(ServerSocketChannelImpl.java:227)
		at org.apache.tomcat.util.net.NioEndpoint.initServerSocket(NioEndpoint.java:275)
		at org.apache.tomcat.util.net.NioEndpoint.bind(NioEndpoint.java:230)
		at org.apache.tomcat.util.net.AbstractEndpoint.bindWithCleanup(AbstractEndpoint.java:1227)
		at org.apache.tomcat.util.net.AbstractEndpoint.init(AbstractEndpoint.java:1240)
		at org.apache.coyote.AbstractProtocol.init(AbstractProtocol.java:606)
		at org.apache.coyote.http11.AbstractHttp11Protocol.init(AbstractHttp11Protocol.java:77)
		at org.apache.catalina.connector.Connector.initInternal(Connector.java:1048)
		... 13 more
13-Oct-2022 15:46:48.812 INFO [main] org.apache.catalina.startup.Catalina.load Server initialization in [541] milliseconds
13-Oct-2022 15:46:48.867 INFO [main] org.apache.catalina.core.StandardService.startInternal Starting service [Catalina]
13-Oct-2022 15:46:48.867 INFO [main] org.apache.catalina.core.StandardEngine.startInternal Starting Servlet engine: [Apache Tomcat/9.0.68]
13-Oct-2022 15:46:48.879 INFO [main] org.apache.catalina.startup.HostConfig.deployWAR Deploying web application archive [/home/joao/Desktop/3┬║ Ano/IES/IES_103415/lab2/apache-tomcat-9.0.68/webapps/webapp-javaee7.war]
13-Oct-2022 15:46:49.115 INFO [main] org.apache.catalina.startup.HostConfig.deployWAR Deployment of web application archive [/home/joao/Desktop/3┬║ Ano/IES/IES_103415/lab2/apache-tomcat-9.0.68/webapps/webapp-javaee7.war] has finished in [236] ms
13-Oct-2022 15:46:49.116 INFO [main] org.apache.catalina.startup.HostConfig.deployDirectory Deploying web application directory [/home/joao/Desktop/3┬║ Ano/IES/IES_103415/lab2/apache-tomcat-9.0.68/webapps/manager]
13-Oct-2022 15:46:49.144 INFO [main] org.apache.catalina.startup.HostConfig.deployDirectory Deployment of web application directory [/home/joao/Desktop/3┬║ Ano/IES/IES_103415/lab2/apache-tomcat-9.0.68/webapps/manager] has finished in [28] ms
13-Oct-2022 15:46:49.144 INFO [main] org.apache.catalina.startup.HostConfig.deployDirectory Deploying web application directory [/home/joao/Desktop/3┬║ Ano/IES/IES_103415/lab2/apache-tomcat-9.0.68/webapps/host-manager]
13-Oct-2022 15:46:49.161 INFO [main] org.apache.catalina.startup.HostConfig.deployDirectory Deployment of web application directory [/home/joao/Desktop/3┬║ Ano/IES/IES_103415/lab2/apache-tomcat-9.0.68/webapps/host-manager] has finished in [17] ms
13-Oct-2022 15:46:49.162 INFO [main] org.apache.catalina.startup.HostConfig.deployDirectory Deploying web application directory [/home/joao/Desktop/3┬║ Ano/IES/IES_103415/lab2/apache-tomcat-9.0.68/webapps/examples]
13-Oct-2022 15:46:49.384 INFO [main] org.apache.catalina.startup.HostConfig.deployDirectory Deployment of web application directory [/home/joao/Desktop/3┬║ Ano/IES/IES_103415/lab2/apache-tomcat-9.0.68/webapps/examples] has finished in [222] ms
13-Oct-2022 15:46:49.385 INFO [main] org.apache.catalina.startup.HostConfig.deployDirectory Deploying web application directory [/home/joao/Desktop/3┬║ Ano/IES/IES_103415/lab2/apache-tomcat-9.0.68/webapps/docs]
13-Oct-2022 15:46:49.401 INFO [main] org.apache.catalina.startup.HostConfig.deployDirectory Deployment of web application directory [/home/joao/Desktop/3┬║ Ano/IES/IES_103415/lab2/apache-tomcat-9.0.68/webapps/docs] has finished in [16] ms
13-Oct-2022 15:46:49.401 INFO [main] org.apache.catalina.startup.HostConfig.deployDirectory Deploying web application directory [/home/joao/Desktop/3┬║ Ano/IES/IES_103415/lab2/apache-tomcat-9.0.68/webapps/ROOT]
13-Oct-2022 15:46:49.416 INFO [main] org.apache.catalina.startup.HostConfig.deployDirectory Deployment of web application directory [/home/joao/Desktop/3┬║ Ano/IES/IES_103415/lab2/apache-tomcat-9.0.68/webapps/ROOT] has finished in [15] ms
13-Oct-2022 15:46:49.421 INFO [main] org.apache.catalina.startup.Catalina.start Server startup in [608] milliseconds
13-Oct-2022 15:46:49.423 SEVERE [main] org.apache.catalina.core.StandardServer.await Failed to create server shutdown socket on address [localhost] and port [8005] (base port [8005] and offset [0])
	java.net.BindException: Endereço já em uso (Bind failed)
		at java.base/java.net.PlainSocketImpl.socketBind(Native Method)
		at java.base/java.net.AbstractPlainSocketImpl.bind(AbstractPlainSocketImpl.java:452)
		at java.base/java.net.ServerSocket.bind(ServerSocket.java:395)
		at java.base/java.net.ServerSocket.<init>(ServerSocket.java:257)
		at org.apache.catalina.core.StandardServer.await(StandardServer.java:580)
		at org.apache.catalina.startup.Catalina.await(Catalina.java:864)
		at org.apache.catalina.startup.Catalina.start(Catalina.java:810)
		at java.base/jdk.internal.reflect.NativeMethodAccessorImpl.invoke0(Native Method)
		at java.base/jdk.internal.reflect.NativeMethodAccessorImpl.invoke(NativeMethodAccessorImpl.java:62)
		at java.base/jdk.internal.reflect.DelegatingMethodAccessorImpl.invoke(DelegatingMethodAccessorImpl.java:43)
		at java.base/java.lang.reflect.Method.invoke(Method.java:566)
		at org.apache.catalina.startup.Bootstrap.start(Bootstrap.java:345)
		at org.apache.catalina.startup.Bootstrap.main(Bootstrap.java:476)
13-Oct-2022 15:46:49.423 INFO [main] org.apache.coyote.AbstractProtocol.pause Pausing ProtocolHandler ["http-nio-8080"]
13-Oct-2022 15:46:49.423 INFO [main] org.apache.catalina.core.StandardService.stopInternal Stopping service [Catalina]
13-Oct-2022 15:46:49.468 INFO [main] org.apache.coyote.AbstractProtocol.stop Stopping ProtocolHandler ["http-nio-8080"]
13-Oct-2022 15:46:49.470 INFO [main] org.apache.coyote.AbstractProtocol.destroy Destroying ProtocolHandler ["http-nio-8080"]
13-Oct-2022 15:52:36.337 INFO [main] org.apache.catalina.core.StandardServer.await A valid shutdown command was received via the shutdown port. Stopping the Server instance.
13-Oct-2022 15:52:36.337 INFO [main] org.apache.coyote.AbstractProtocol.pause Pausing ProtocolHandler ["http-nio-8080"]
13-Oct-2022 15:52:36.339 INFO [main] org.apache.catalina.core.StandardService.stopInternal Stopping service [Catalina]
13-Oct-2022 15:52:36.378 INFO [main] org.apache.coyote.AbstractProtocol.stop Stopping ProtocolHandler ["http-nio-8080"]
13-Oct-2022 15:52:36.383 INFO [main] org.apache.coyote.AbstractProtocol.destroy Destroying ProtocolHandler ["http-nio-8080"]
13-Oct-2022 15:54:33.209 INFO [main] org.apache.catalina.startup.VersionLoggerListener.log Server version name:   Apache Tomcat/9.0.68
13-Oct-2022 15:54:33.212 INFO [main] org.apache.catalina.startup.VersionLoggerListener.log Server built:          Oct 3 2022 19:06:10 UTC
13-Oct-2022 15:54:33.212 INFO [main] org.apache.catalina.startup.VersionLoggerListener.log Server version number: 9.0.68.0
13-Oct-2022 15:54:33.213 INFO [main] org.apache.catalina.startup.VersionLoggerListener.log OS Name:               Linux
13-Oct-2022 15:54:33.213 INFO [main] org.apache.catalina.startup.VersionLoggerListener.log OS Version:            5.15.0-50-generic
13-Oct-2022 15:54:33.213 INFO [main] org.apache.catalina.startup.VersionLoggerListener.log Architecture:          amd64
13-Oct-2022 15:54:33.213 INFO [main] org.apache.catalina.startup.VersionLoggerListener.log Java Home:             /usr/lib/jvm/java-11-openjdk-amd64
13-Oct-2022 15:54:33.213 INFO [main] org.apache.catalina.startup.VersionLoggerListener.log JVM Version:           11.0.16+8-post-Ubuntu-0ubuntu122.04
13-Oct-2022 15:54:33.213 INFO [main] org.apache.catalina.startup.VersionLoggerListener.log JVM Vendor:            Ubuntu
13-Oct-2022 15:54:33.213 INFO [main] org.apache.catalina.startup.VersionLoggerListener.log CATALINA_BASE:         /home/joao/Desktop/3┬║ Ano/IES/IES_103415/lab2/apache-tomcat-9.0.68
13-Oct-2022 15:54:33.214 INFO [main] org.apache.catalina.startup.VersionLoggerListener.log CATALINA_HOME:         /home/joao/Desktop/3┬║ Ano/IES/IES_103415/lab2/apache-tomcat-9.0.68
13-Oct-2022 15:54:33.223 INFO [main] org.apache.catalina.startup.VersionLoggerListener.log Command line argument: --add-opens=java.base/java.lang=ALL-UNNAMED
13-Oct-2022 15:54:33.224 INFO [main] org.apache.catalina.startup.VersionLoggerListener.log Command line argument: --add-opens=java.base/java.io=ALL-UNNAMED
13-Oct-2022 15:54:33.224 INFO [main] org.apache.catalina.startup.VersionLoggerListener.log Command line argument: --add-opens=java.base/java.util=ALL-UNNAMED
13-Oct-2022 15:54:33.224 INFO [main] org.apache.catalina.startup.VersionLoggerListener.log Command line argument: --add-opens=java.base/java.util.concurrent=ALL-UNNAMED
13-Oct-2022 15:54:33.224 INFO [main] org.apache.catalina.startup.VersionLoggerListener.log Command line argument: --add-opens=java.rmi/sun.rmi.transport=ALL-UNNAMED
13-Oct-2022 15:54:33.224 INFO [main] org.apache.catalina.startup.VersionLoggerListener.log Command line argument: -Djava.util.logging.config.file=/home/joao/Desktop/3┬║ Ano/IES/IES_103415/lab2/apache-tomcat-9.0.68/conf/logging.properties
13-Oct-2022 15:54:33.224 INFO [main] org.apache.catalina.startup.VersionLoggerListener.log Command line argument: -Djava.util.logging.manager=org.apache.juli.ClassLoaderLogManager
13-Oct-2022 15:54:33.224 INFO [main] org.apache.catalina.startup.VersionLoggerListener.log Command line argument: -Djdk.tls.ephemeralDHKeySize=2048
13-Oct-2022 15:54:33.225 INFO [main] org.apache.catalina.startup.VersionLoggerListener.log Command line argument: -Djava.protocol.handler.pkgs=org.apache.catalina.webresources
13-Oct-2022 15:54:33.225 INFO [main] org.apache.catalina.startup.VersionLoggerListener.log Command line argument: -Dorg.apache.catalina.security.SecurityListener.UMASK=0027
13-Oct-2022 15:54:33.225 INFO [main] org.apache.catalina.startup.VersionLoggerListener.log Command line argument: -Dignore.endorsed.dirs=
13-Oct-2022 15:54:33.225 INFO [main] org.apache.catalina.startup.VersionLoggerListener.log Command line argument: -Dcatalina.base=/home/joao/Desktop/3┬║ Ano/IES/IES_103415/lab2/apache-tomcat-9.0.68
13-Oct-2022 15:54:33.225 INFO [main] org.apache.catalina.startup.VersionLoggerListener.log Command line argument: -Dcatalina.home=/home/joao/Desktop/3┬║ Ano/IES/IES_103415/lab2/apache-tomcat-9.0.68
13-Oct-2022 15:54:33.225 INFO [main] org.apache.catalina.startup.VersionLoggerListener.log Command line argument: -Djava.io.tmpdir=/home/joao/Desktop/3┬║ Ano/IES/IES_103415/lab2/apache-tomcat-9.0.68/temp
13-Oct-2022 15:54:33.227 INFO [main] org.apache.catalina.core.AprLifecycleListener.lifecycleEvent The Apache Tomcat Native library which allows using OpenSSL was not found on the java.library.path: [/usr/java/packages/lib:/usr/lib/x86_64-linux-gnu/jni:/lib/x86_64-linux-gnu:/usr/lib/x86_64-linux-gnu:/usr/lib/jni:/lib:/usr/lib]
13-Oct-2022 15:54:33.504 INFO [main] org.apache.coyote.AbstractProtocol.init Initializing ProtocolHandler ["http-nio-8080"]
13-Oct-2022 15:54:33.522 INFO [main] org.apache.catalina.startup.Catalina.load Server initialization in [479] milliseconds
13-Oct-2022 15:54:33.565 INFO [main] org.apache.catalina.core.StandardService.startInternal Starting service [Catalina]
13-Oct-2022 15:54:33.565 INFO [main] org.apache.catalina.core.StandardEngine.startInternal Starting Servlet engine: [Apache Tomcat/9.0.68]
13-Oct-2022 15:54:33.578 INFO [main] org.apache.catalina.startup.HostConfig.deployWAR Deploying web application archive [/home/joao/Desktop/3┬║ Ano/IES/IES_103415/lab2/apache-tomcat-9.0.68/webapps/webapp-javaee7.war]
13-Oct-2022 15:54:33.815 INFO [main] org.apache.catalina.startup.HostConfig.deployWAR Deployment of web application archive [/home/joao/Desktop/3┬║ Ano/IES/IES_103415/lab2/apache-tomcat-9.0.68/webapps/webapp-javaee7.war] has finished in [237] ms
13-Oct-2022 15:54:33.816 INFO [main] org.apache.catalina.startup.HostConfig.deployDirectory Deploying web application directory [/home/joao/Desktop/3┬║ Ano/IES/IES_103415/lab2/apache-tomcat-9.0.68/webapps/manager]
13-Oct-2022 15:54:33.848 INFO [main] org.apache.catalina.startup.HostConfig.deployDirectory Deployment of web application directory [/home/joao/Desktop/3┬║ Ano/IES/IES_103415/lab2/apache-tomcat-9.0.68/webapps/manager] has finished in [32] ms
13-Oct-2022 15:54:33.849 INFO [main] org.apache.catalina.startup.HostConfig.deployDirectory Deploying web application directory [/home/joao/Desktop/3┬║ Ano/IES/IES_103415/lab2/apache-tomcat-9.0.68/webapps/host-manager]
13-Oct-2022 15:54:33.869 INFO [main] org.apache.catalina.startup.HostConfig.deployDirectory Deployment of web application directory [/home/joao/Desktop/3┬║ Ano/IES/IES_103415/lab2/apache-tomcat-9.0.68/webapps/host-manager] has finished in [20] ms
13-Oct-2022 15:54:33.869 INFO [main] org.apache.catalina.startup.HostConfig.deployDirectory Deploying web application directory [/home/joao/Desktop/3┬║ Ano/IES/IES_103415/lab2/apache-tomcat-9.0.68/webapps/examples]
13-Oct-2022 15:54:34.073 INFO [main] org.apache.catalina.startup.HostConfig.deployDirectory Deployment of web application directory [/home/joao/Desktop/3┬║ Ano/IES/IES_103415/lab2/apache-tomcat-9.0.68/webapps/examples] has finished in [204] ms
13-Oct-2022 15:54:34.074 INFO [main] org.apache.catalina.startup.HostConfig.deployDirectory Deploying web application directory [/home/joao/Desktop/3┬║ Ano/IES/IES_103415/lab2/apache-tomcat-9.0.68/webapps/docs]
13-Oct-2022 15:54:34.089 INFO [main] org.apache.catalina.startup.HostConfig.deployDirectory Deployment of web application directory [/home/joao/Desktop/3┬║ Ano/IES/IES_103415/lab2/apache-tomcat-9.0.68/webapps/docs] has finished in [14] ms
13-Oct-2022 15:54:34.089 INFO [main] org.apache.catalina.startup.HostConfig.deployDirectory Deploying web application directory [/home/joao/Desktop/3┬║ Ano/IES/IES_103415/lab2/apache-tomcat-9.0.68/webapps/ROOT]
13-Oct-2022 15:54:34.103 INFO [main] org.apache.catalina.startup.HostConfig.deployDirectory Deployment of web application directory [/home/joao/Desktop/3┬║ Ano/IES/IES_103415/lab2/apache-tomcat-9.0.68/webapps/ROOT] has finished in [14] ms
13-Oct-2022 15:54:34.107 INFO [main] org.apache.coyote.AbstractProtocol.start Starting ProtocolHandler ["http-nio-8080"]
13-Oct-2022 15:54:34.117 INFO [main] org.apache.catalina.startup.Catalina.start Server startup in [594] milliseconds
13-Oct-2022 15:56:07.268 INFO [http-nio-8080-exec-1] org.apache.catalina.startup.HostConfig.undeploy Undeploying context [/webapp-javaee7]
13-Oct-2022 15:56:27.907 INFO [http-nio-8080-exec-5] org.apache.catalina.startup.HostConfig.deployWAR Deploying web application archive [/home/joao/Desktop/3┬║ Ano/IES/IES_103415/lab2/apache-tomcat-9.0.68/webapps/WebApplication-1.0-SNAPSHOT.war]
13-Oct-2022 15:56:27.959 INFO [http-nio-8080-exec-5] org.apache.catalina.startup.HostConfig.deployWAR Deployment of web application archive [/home/joao/Desktop/3┬║ Ano/IES/IES_103415/lab2/apache-tomcat-9.0.68/webapps/WebApplication-1.0-SNAPSHOT.war] has finished in [52] ms
