13-Oct-2022 11:52:01.680 INFO [main] org.apache.catalina.core.ApplicationContext.log ContextListener: contextInitialized()
13-Oct-2022 11:52:01.680 INFO [main] org.apache.catalina.core.ApplicationContext.log SessionListener: contextInitialized()
13-Oct-2022 11:52:01.682 INFO [main] org.apache.catalina.core.ApplicationContext.log ContextListener: attributeAdded('StockTicker', 'async.Stockticker@3e2822')
13-Oct-2022 11:54:20.143 INFO [main] org.apache.catalina.core.ApplicationContext.log SessionListener: contextDestroyed()
13-Oct-2022 11:54:20.144 INFO [main] org.apache.catalina.core.ApplicationContext.log ContextListener: contextDestroyed()
13-Oct-2022 11:54:26.909 INFO [main] org.apache.catalina.core.ApplicationContext.log ContextListener: contextInitialized()
13-Oct-2022 11:54:26.909 INFO [main] org.apache.catalina.core.ApplicationContext.log SessionListener: contextInitialized()
13-Oct-2022 11:54:26.913 INFO [main] org.apache.catalina.core.ApplicationContext.log ContextListener: attributeAdded('StockTicker', 'async.Stockticker@5b6813df')
13-Oct-2022 14:34:08.493 INFO [main] org.apache.catalina.core.ApplicationContext.log ContextListener: contextInitialized()
13-Oct-2022 14:34:08.493 INFO [main] org.apache.catalina.core.ApplicationContext.log SessionListener: contextInitialized()
13-Oct-2022 14:34:08.495 INFO [main] org.apache.catalina.core.ApplicationContext.log ContextListener: attributeAdded('StockTicker', 'async.Stockticker@5217f3d0')
13-Oct-2022 15:40:43.116 INFO [main] org.apache.catalina.core.ApplicationContext.log ContextListener: contextInitialized()
13-Oct-2022 15:40:43.117 INFO [main] org.apache.catalina.core.ApplicationContext.log SessionListener: contextInitialized()
13-Oct-2022 15:40:43.118 INFO [main] org.apache.catalina.core.ApplicationContext.log ContextListener: attributeAdded('StockTicker', 'async.Stockticker@54361a9')
13-Oct-2022 15:46:49.377 INFO [main] org.apache.catalina.core.ApplicationContext.log ContextListener: contextInitialized()
13-Oct-2022 15:46:49.377 INFO [main] org.apache.catalina.core.ApplicationContext.log SessionListener: contextInitialized()
13-Oct-2022 15:46:49.379 INFO [main] org.apache.catalina.core.ApplicationContext.log ContextListener: attributeAdded('StockTicker', 'async.Stockticker@3a4e343')
13-Oct-2022 15:46:49.457 INFO [main] org.apache.catalina.core.ApplicationContext.log SessionListener: contextDestroyed()
13-Oct-2022 15:46:49.457 INFO [main] org.apache.catalina.core.ApplicationContext.log ContextListener: contextDestroyed()
13-Oct-2022 15:52:36.353 INFO [main] org.apache.catalina.core.ApplicationContext.log SessionListener: contextDestroyed()
13-Oct-2022 15:52:36.353 INFO [main] org.apache.catalina.core.ApplicationContext.log ContextListener: contextDestroyed()
13-Oct-2022 15:54:34.068 INFO [main] org.apache.catalina.core.ApplicationContext.log ContextListener: contextInitialized()
13-Oct-2022 15:54:34.068 INFO [main] org.apache.catalina.core.ApplicationContext.log SessionListener: contextInitialized()
13-Oct-2022 15:54:34.069 INFO [main] org.apache.catalina.core.ApplicationContext.log ContextListener: attributeAdded('StockTicker', 'async.Stockticker@76a82f33')
